# JRE version: Java(TM) SE Runtime Environment (8.0_202-b08) (build 1.8.0_202-b08)
# Java VM: Java HotSpot(TM) 64-Bit Server VM (25.202-b08 mixed mode windows-amd64 compressed oops)
Heap:
 PSYoungGen      total 475136K, used 32799K [0x00000000d6180000, 0x00000000f8d00000, 0x0000000100000000)
  eden space 425472K, 7% used [0x00000000d6180000,0x00000000d8187dd8,0x00000000f0100000)
  from space 49664K, 0% used [0x00000000f0100000,0x00000000f0100000,0x00000000f3180000)
  to   space 48128K, 0% used [0x00000000f5e00000,0x00000000f5e00000,0x00000000f8d00000)
 ParOldGen       total 256512K, used 124135K [0x0000000082400000, 0x0000000091e80000, 0x00000000d6180000)
  object space 256512K, 48% used [0x0000000082400000,0x0000000089d39f78,0x0000000091e80000)
 Metaspace       used 46002K, capacity 46601K, committed 47104K, reserved 1089536K
  class space    used 5958K, capacity 6135K, committed 6144K, reserved 1048576K
GC Heap History (10 events):
Event: 17.860 GC heap before
{Heap before GC invocations=16 (full 2):
 PSYoungGen      total 400896K, used 9751K [0x00000000d6180000, 0x00000000f0d80000, 0x0000000100000000)
  eden space 372736K, 0% used [0x00000000d6180000,0x00000000d6180000,0x00000000ecd80000)
  from space 28160K, 34% used [0x00000000ef200000,0x00000000efb85ec8,0x00000000f0d80000)
  to   space 32768K, 0% used [0x00000000ecd80000,0x00000000ecd80000,0x00000000eed80000)
 ParOldGen       total 93696K, used 74625K [0x0000000082400000, 0x0000000087f80000, 0x00000000d6180000)
  object space 93696K, 79% used [0x0000000082400000,0x0000000086ce0790,0x0000000087f80000)
 Metaspace       used 32913K, capacity 33300K, committed 33792K, reserved 1079296K
  class space    used 4453K, capacity 4562K, committed 4608K, reserved 1048576K
Event: 18.274 GC heap after
Heap after GC invocations=16 (full 2):
 PSYoungGen      total 400896K, used 0K [0x00000000d6180000, 0x00000000f0d80000, 0x0000000100000000)
  eden space 372736K, 0% used [0x00000000d6180000,0x00000000d6180000,0x00000000ecd80000)
  from space 28160K, 0% used [0x00000000ef200000,0x00000000ef200000,0x00000000f0d80000)
  to   space 32768K, 0% used [0x00000000ecd80000,0x00000000ecd80000,0x00000000eed80000)
 ParOldGen       total 169984K, used 82882K [0x0000000082400000, 0x000000008ca00000, 0x00000000d6180000)
  object space 169984K, 48% used [0x0000000082400000,0x00000000874f0bf0,0x000000008ca00000)
 Metaspace       used 32913K, capacity 33300K, committed 33792K, reserved 1079296K
  class space    used 4453K, capacity 4562K, committed 4608K, reserved 1048576K
}
Event: 22.183 GC heap before
{Heap before GC invocations=17 (full 2):
 PSYoungGen      total 400896K, used 372736K [0x00000000d6180000, 0x00000000f0d80000, 0x0000000100000000)
  eden space 372736K, 100% used [0x00000000d6180000,0x00000000ecd80000,0x00000000ecd80000)
  from space 28160K, 0% used [0x00000000ef200000,0x00000000ef200000,0x00000000f0d80000)
  to   space 32768K, 0% used [0x00000000ecd80000,0x00000000ecd80000,0x00000000eed80000)
 ParOldGen       total 169984K, used 82882K [0x0000000082400000, 0x000000008ca00000, 0x00000000d6180000)
  object space 169984K, 48% used [0x0000000082400000,0x00000000874f0bf0,0x000000008ca00000)
 Metaspace       used 38307K, capacity 38809K, committed 39296K, reserved 1083392K
  class space    used 5016K, capacity 5173K, committed 5248K, reserved 1048576K
Event: 22.210 GC heap after
Heap after GC invocations=17 (full 2):
 PSYoungGen      total 405504K, used 19188K [0x00000000d6180000, 0x00000000f5180000, 0x0000000100000000)
  eden space 372736K, 0% used [0x00000000d6180000,0x00000000d6180000,0x00000000ecd80000)
  from space 32768K, 58% used [0x00000000ecd80000,0x00000000ee03d360,0x00000000eed80000)
  to   space 32768K, 0% used [0x00000000f3180000,0x00000000f3180000,0x00000000f5180000)
 ParOldGen       total 169984K, used 82890K [0x0000000082400000, 0x000000008ca00000, 0x00000000d6180000)
  object space 169984K, 48% used [0x0000000082400000,0x00000000874f2bf0,0x000000008ca00000)
 Metaspace       used 38307K, capacity 38809K, committed 39296K, reserved 1083392K
  class space    used 5016K, capacity 5173K, committed 5248K, reserved 1048576K
}
Event: 25.842 GC heap before
{Heap before GC invocations=18 (full 2):
 PSYoungGen      total 405504K, used 391924K [0x00000000d6180000, 0x00000000f5180000, 0x0000000100000000)
  eden space 372736K, 100% used [0x00000000d6180000,0x00000000ecd80000,0x00000000ecd80000)
  from space 32768K, 58% used [0x00000000ecd80000,0x00000000ee03d360,0x00000000eed80000)
  to   space 32768K, 0% used [0x00000000f3180000,0x00000000f3180000,0x00000000f5180000)
 ParOldGen       total 169984K, used 82890K [0x0000000082400000, 0x000000008ca00000, 0x00000000d6180000)
  object space 169984K, 48% used [0x0000000082400000,0x00000000874f2bf0,0x000000008ca00000)
 Metaspace       used 40729K, capacity 41261K, committed 41728K, reserved 1085440K
  class space    used 5338K, capacity 5521K, committed 5632K, reserved 1048576K
Event: 25.892 GC heap after
Heap after GC invocations=18 (full 2):
 PSYoungGen      total 458240K, used 32760K [0x00000000d6180000, 0x00000000f7380000, 0x0000000100000000)
  eden space 425472K, 0% used [0x00000000d6180000,0x00000000d6180000,0x00000000f0100000)
  from space 32768K, 99% used [0x00000000f3180000,0x00000000f517e100,0x00000000f5180000)
  to   space 49664K, 0% used [0x00000000f0100000,0x00000000f0100000,0x00000000f3180000)
 ParOldGen       total 169984K, used 115714K [0x0000000082400000, 0x000000008ca00000, 0x00000000d6180000)
  object space 169984K, 68% used [0x0000000082400000,0x0000000089500938,0x000000008ca00000)
 Metaspace       used 40729K, capacity 41261K, committed 41728K, reserved 1085440K
  class space    used 5338K, capacity 5521K, committed 5632K, reserved 1048576K
}
Event: 34.929 GC heap before
{Heap before GC invocations=19 (full 2):
 PSYoungGen      total 458240K, used 458232K [0x00000000d6180000, 0x00000000f7380000, 0x0000000100000000)
  eden space 425472K, 100% used [0x00000000d6180000,0x00000000f0100000,0x00000000f0100000)
  from space 32768K, 99% used [0x00000000f3180000,0x00000000f517e100,0x00000000f5180000)
  to   space 49664K, 0% used [0x00000000f0100000,0x00000000f0100000,0x00000000f3180000)
 ParOldGen       total 169984K, used 115714K [0x0000000082400000, 0x000000008ca00000, 0x00000000d6180000)
  object space 169984K, 68% used [0x0000000082400000,0x0000000089500938,0x000000008ca00000)
 Metaspace       used 45653K, capacity 46249K, committed 46848K, reserved 1089536K
  class space    used 5912K, capacity 6103K, committed 6144K, reserved 1048576K
Event: 34.964 GC heap after
Heap after GC invocations=19 (full 2):
 PSYoungGen      total 475136K, used 12934K [0x00000000d6180000, 0x00000000f8d00000, 0x0000000100000000)
  eden space 425472K, 0% used [0x00000000d6180000,0x00000000d6180000,0x00000000f0100000)
  from space 49664K, 26% used [0x00000000f0100000,0x00000000f0da1998,0x00000000f3180000)
  to   space 48128K, 0% used [0x00000000f5e00000,0x00000000f5e00000,0x00000000f8d00000)
 ParOldGen       total 169984K, used 147525K [0x0000000082400000, 0x000000008ca00000, 0x00000000d6180000)
  object space 169984K, 86% used [0x0000000082400000,0x000000008b411660,0x000000008ca00000)
 Metaspace       used 45653K, capacity 46249K, committed 46848K, reserved 1089536K
  class space    used 5912K, capacity 6103K, committed 6144K, reserved 1048576K
}
Event: 34.964 GC heap before
{Heap before GC invocations=20 (full 3):
 PSYoungGen      total 475136K, used 12934K [0x00000000d6180000, 0x00000000f8d00000, 0x0000000100000000)
  eden space 425472K, 0% used [0x00000000d6180000,0x00000000d6180000,0x00000000f0100000)
  from space 49664K, 26% used [0x00000000f0100000,0x00000000f0da1998,0x00000000f3180000)
  to   space 48128K, 0% used [0x00000000f5e00000,0x00000000f5e00000,0x00000000f8d00000)
 ParOldGen       total 169984K, used 147525K [0x0000000082400000, 0x000000008ca00000, 0x00000000d6180000)
  object space 169984K, 86% used [0x0000000082400000,0x000000008b411660,0x000000008ca00000)
 Metaspace       used 45653K, capacity 46249K, committed 46848K, reserved 1089536K
  class space    used 5912K, capacity 6103K, committed 6144K, reserved 1048576K
Event: 35.609 GC heap after
Heap after GC invocations=20 (full 3):
 PSYoungGen      total 475136K, used 0K [0x00000000d6180000, 0x00000000f8d00000, 0x0000000100000000)
  eden space 425472K, 0% used [0x00000000d6180000,0x00000000d6180000,0x00000000f0100000)
  from space 49664K, 0% used [0x00000000f0100000,0x00000000f0100000,0x00000000f3180000)
  to   space 48128K, 0% used [0x00000000f5e00000,0x00000000f5e00000,0x00000000f8d00000)
 ParOldGen       total 256512K, used 124135K [0x0000000082400000, 0x0000000091e80000, 0x00000000d6180000)
  object space 256512K, 48% used [0x0000000082400000,0x0000000089d39f78,0x0000000091e80000)
 Metaspace       used 45653K, capacity 46249K, committed 46848K, reserved 1089536K
  class space    used 5912K, capacity 6103K, committed 6144K, reserved 1048576K
}

